<?xml version="1.0" encoding="UTF-8"?>
<testsuite xmlns:xsi="http://www.w3.org/2001/XMLSchema-instance" xsi:noNamespaceSchemaLocation="https://maven.apache.org/surefire/maven-surefire-plugin/xsd/surefire-test-report.xsd" version="3.0.2" name="pe.edu.upc.arquiweb.ArquiwebApplicationTests" time="30.913" tests="1" errors="0" skipped="0" failures="0">
  <properties>
[...]
</properties>
  <testcase name="contextLoads" classname="pe.edu.upc.arquiweb.ArquiwebApplicationTests" time="1.01">
    <system-out><![CDATA[22:10:53.015 [main] INFO org.springframework.test.context.support.AnnotationConfigContextLoaderUtils -- Could not detect default configuration classes for test class [pe.edu.upc.arquiweb.ArquiwebApplicationTests]: ArquiwebApplicationTests does not declare any static, non-private, non-final, nested classes annotated with @Configuration.
22:10:53.274 [main] INFO org.springframework.boot.test.context.SpringBootTestContextBootstrapper -- Found @SpringBootConfiguration pe.edu.upc.arquiweb.ArquiwebApplication for test class pe.edu.upc.arquiweb.ArquiwebApplicationTests
22:10:53.718 [main] INFO org.springframework.boot.devtools.restart.RestartApplicationListener -- Restart disabled due to context in which it is running

  .   ____          _            __ _ _
 /\\ / ___'_ __ _ _(_)_ __  __ _ \ \ \ \
( ( )\___ | '_ | '_| | '_ \/ _` | \ \ \ \
 \\/  ___)| |_)| | | | | || (_| |  ) ) ) )
  '  |____| .__|_| |_|_| |_\__, | / / / /
 =========|_|==============|___/=/_/_/_/

 :: Spring Boot ::                (v3.4.4)

2025-05-10T22:10:54.473-05:00  INFO 24544 --- [ARQUIWEB] [           main] p.e.u.arquiweb.ArquiwebApplicationTests  : Starting ArquiwebApplicationTests using Java 17.0.12 with PID 24544 (started by user in C:\Users\user\Desktop\Trbajao arquiweb\notificaciones-metodopago)
2025-05-10T22:10:54.476-05:00  INFO 24544 --- [ARQUIWEB] [           main] p.e.u.arquiweb.ArquiwebApplicationTests  : No active profile set, falling back to 1 default profile: "default"
2025-05-10T22:10:57.001-05:00  INFO 24544 --- [ARQUIWEB] [           main] .s.d.r.c.RepositoryConfigurationDelegate : Bootstrapping Spring Data JPA repositories in DEFAULT mode.
2025-05-10T22:10:57.253-05:00  INFO 24544 --- [ARQUIWEB] [           main] .s.d.r.c.RepositoryConfigurationDelegate : Finished Spring Data repository scanning in 227 ms. Found 9 JPA repository interfaces.
2025-05-10T22:10:58.893-05:00  INFO 24544 --- [ARQUIWEB] [           main] o.hibernate.jpa.internal.util.LogHelper  : HHH000204: Processing PersistenceUnitInfo [name: default]
2025-05-10T22:10:59.076-05:00  INFO 24544 --- [ARQUIWEB] [           main] org.hibernate.Version                    : HHH000412: Hibernate ORM core version 6.6.11.Final
2025-05-10T22:10:59.226-05:00  INFO 24544 --- [ARQUIWEB] [           main] o.h.c.internal.RegionFactoryInitiator    : HHH000026: Second-level cache disabled
2025-05-10T22:11:00.295-05:00  INFO 24544 --- [ARQUIWEB] [           main] o.s.o.j.p.SpringPersistenceUnitInfo      : No LoadTimeWeaver setup: ignoring JPA class transformer
2025-05-10T22:11:00.377-05:00  INFO 24544 --- [ARQUIWEB] [           main] com.zaxxer.hikari.HikariDataSource       : HikariPool-1 - Starting...
2025-05-10T22:11:02.983-05:00  INFO 24544 --- [ARQUIWEB] [           main] com.zaxxer.hikari.pool.HikariPool        : HikariPool-1 - Added connection org.postgresql.jdbc.PgConnection@4ed19b69
2025-05-10T22:11:02.988-05:00  INFO 24544 --- [ARQUIWEB] [           main] com.zaxxer.hikari.HikariDataSource       : HikariPool-1 - Start completed.
2025-05-10T22:11:03.279-05:00  WARN 24544 --- [ARQUIWEB] [           main] org.hibernate.orm.deprecation            : HHH90000025: PostgreSQLDialect does not need to be specified explicitly using 'hibernate.dialect' (remove the property setting and it will be selected by default)
2025-05-10T22:11:03.776-05:00  INFO 24544 --- [ARQUIWEB] [           main] org.hibernate.orm.connections.pooling    : HHH10001005: Database info:
	Database JDBC URL [Connecting through datasource 'HikariDataSource (HikariPool-1)']
	Database driver: undefined/unknown
	Database version: 16.8
	Autocommit mode: undefined/unknown
	Isolation level: undefined/unknown
	Minimum pool size: undefined/unknown
	Maximum pool size: undefined/unknown
2025-05-10T22:11:06.334-05:00  INFO 24544 --- [ARQUIWEB] [           main] o.h.e.t.j.p.i.JtaPlatformInitiator       : HHH000489: No JTA platform available (set 'hibernate.transaction.jta.platform' to enable JTA platform integration)
Hibernate: set client_min_messages = WARNING
Hibernate: alter table if exists carrito_compra drop constraint if exists FK4n44brekkxxw02mrv09k05gw
Hibernate: alter table if exists carrito_compra drop constraint if exists FKnhxxfrktnbyipad5qe689rkl2
Hibernate: alter table if exists carrito_compra drop constraint if exists FK300sfcjf1svex03ueuxwl5lne
Hibernate: alter table if exists chat_proveedor drop constraint if exists FKrivptrqkvj1mgh4jiotdggyh9
Hibernate: alter table if exists chat_proveedor drop constraint if exists FK6wg1gql4k3w7xeinychsssux0
Hibernate: alter table if exists descuento drop constraint if exists FK1xqi9hpndx7188c52d443l1gk
Hibernate: alter table if exists producto drop constraint if exists FKj8pgob2ug7pxl79envvgyxcck
Hibernate: alter table if exists resena drop constraint if exists FKotam0cpta1alccuhwvbn39ey1
Hibernate: alter table if exists resena drop constraint if exists FKqv6c4p480s2oqcd64u1n1ej3r
Hibernate: alter table if exists roles drop constraint if exists FKalb1vvshdhuxqt2j8txuddqpl
Hibernate: drop table if exists carrito_compra cascade
Hibernate: drop table if exists chat_proveedor cascade
Hibernate: drop table if exists descuento cascade
Hibernate: drop table if exists metodo_pago cascade
Hibernate: drop table if exists notificaciones cascade
Hibernate: drop table if exists producto cascade
Hibernate: drop table if exists resena cascade
Hibernate: drop table if exists roles cascade
Hibernate: drop table if exists tienda cascade
Hibernate: drop table if exists usuario cascade
Hibernate: create table carrito_compra (fecha_creacion date not null, id_carrito integer generated by default as identity, id_metodopago integer not null, id_producto integer not null, id_usuario integer not null, precio_base float(53) not null, primary key (id_carrito))
Hibernate: create table chat_proveedor (fechainicio date not null, id_chat integer generated by default as identity, id_tienda integer, id_usuario integer, primary key (id_chat))
Hibernate: create table descuento (fecha_fin date not null, fecha_inicio date not null, id_descuento integer generated by default as identity, id_producto integer not null, porcentaje float(53) not null, cod_descuento varchar(20) not null, primary key (id_descuento))
Hibernate: create table metodo_pago (id_metodo integer generated by default as identity, id_usuario integer not null, numero_telefonico varchar(9) not null, vencimiento varchar(10) not null, titular varchar(20) not null, tipo varchar(255) not null, primary key (id_metodo))
Hibernate: create table notificaciones (id_notificacion integer generated by default as identity, id_usuario integer not null, leido boolean not null, fecha_envio timestamp(6) not null, mensaje varchar(200) not null, primary key (id_notificacion))
Hibernate: create table producto (fecha_creacion date not null, id_producto integer generated by default as identity, id_tienda integer, precio_base float(53) not null, stock integer not null, nombre_producto varchar(40) not null, categoria varchar(50) not null, descripcion varchar(300) not null, primary key (id_producto))
Hibernate: create table resena (calificacion float(53) not null, fecha date not null, id_producto integer, id_resena integer generated by default as identity, id_usuario integer, comentario varchar(300) not null, primary key (id_resena))
Hibernate: create table roles (id_rol integer generated by default as identity, id_usuario integer not null, nombre_rol varchar(25) not null, descripcion varchar(150) not null, primary key (id_rol), unique (id_usuario, nombre_rol))
Hibernate: create table tienda (id_tienda integer generated by default as identity, latitud float(53) not null, longitud float(53) not null, telefono varchar(7) not null, correoelectronico varchar(50) not null, nombre varchar(70) not null, ubicacion varchar(70) not null, descripcion varchar(100) not null, primary key (id_tienda))
Hibernate: create table usuario (enabled boolean, id_usuario integer generated by default as identity, latitud float(53) not null, longitud float(53) not null, telefono varchar(9) not null, username varchar(20) not null, correo varchar(100) not null, direccion varchar(100) not null, password varchar(100) not null, primary key (id_usuario))
Hibernate: alter table if exists carrito_compra add constraint FK4n44brekkxxw02mrv09k05gw foreign key (id_metodopago) references metodo_pago
Hibernate: alter table if exists carrito_compra add constraint FKnhxxfrktnbyipad5qe689rkl2 foreign key (id_producto) references producto
Hibernate: alter table if exists carrito_compra add constraint FK300sfcjf1svex03ueuxwl5lne foreign key (id_usuario) references usuario
Hibernate: alter table if exists chat_proveedor add constraint FKrivptrqkvj1mgh4jiotdggyh9 foreign key (id_tienda) references tienda
Hibernate: alter table if exists chat_proveedor add constraint FK6wg1gql4k3w7xeinychsssux0 foreign key (id_usuario) references usuario
Hibernate: alter table if exists descuento add constraint FK1xqi9hpndx7188c52d443l1gk foreign key (id_producto) references producto
Hibernate: alter table if exists producto add constraint FKj8pgob2ug7pxl79envvgyxcck foreign key (id_tienda) references tienda
Hibernate: alter table if exists resena add constraint FKotam0cpta1alccuhwvbn39ey1 foreign key (id_producto) references producto
Hibernate: alter table if exists resena add constraint FKqv6c4p480s2oqcd64u1n1ej3r foreign key (id_usuario) references usuario
Hibernate: alter table if exists roles add constraint FKalb1vvshdhuxqt2j8txuddqpl foreign key (id_usuario) references usuario
2025-05-10T22:11:15.939-05:00  INFO 24544 --- [ARQUIWEB] [           main] j.LocalContainerEntityManagerFactoryBean : Initialized JPA EntityManagerFactory for persistence unit 'default'
2025-05-10T22:11:16.664-05:00  INFO 24544 --- [ARQUIWEB] [           main] o.s.d.j.r.query.QueryEnhancerFactory     : Hibernate is in classpath; If applicable, HQL parser will be used.
2025-05-10T22:11:19.578-05:00  WARN 24544 --- [ARQUIWEB] [           main] JpaBaseConfiguration$JpaWebConfiguration : spring.jpa.open-in-view is enabled by default. Therefore, database queries may be performed during view rendering. Explicitly configure spring.jpa.open-in-view to disable this warning
2025-05-10T22:11:20.058-05:00  WARN 24544 --- [ARQUIWEB] [           main] r$InitializeUserDetailsManagerConfigurer : Global AuthenticationManager configured with an AuthenticationProvider bean. UserDetailsService beans will not be used by Spring Security for automatically configuring username/password login. Consider removing the AuthenticationProvider bean. Alternatively, consider using the UserDetailsService in a manually instantiated DaoAuthenticationProvider. If the current configuration is intentional, to turn off this warning, increase the logging level of 'org.springframework.security.config.annotation.authentication.configuration.InitializeUserDetailsBeanManagerConfigurer' to ERROR
2025-05-10T22:11:22.492-05:00  INFO 24544 --- [ARQUIWEB] [           main] p.e.u.arquiweb.ArquiwebApplicationTests  : Started ArquiwebApplicationTests in 28.808 seconds (process running for 31.203)
]]></system-out>
  </testcase>
</testsuite>